<?xml version="1.0" encoding="UTF-8"?>
<testng-results ignored="0" total="1" passed="1" failed="0" skipped="0">
  <reporter-output>
  </reporter-output>
  <suite started-at="2024-06-25T22:54:35 IST" name="Default suite" finished-at="2024-06-25T22:54:43 IST" duration-ms="7493">
    <groups>
    </groups>
    <test started-at="2024-06-25T22:54:35 IST" name="Default test" finished-at="2024-06-25T22:54:43 IST" duration-ms="7493">
      <class name="PallaviSelenium.ExtentReport.ExtentReportsDemo">
        <test-method is-config="true" signature="initialSetup()[pri:0, instance:PallaviSelenium.ExtentReport.ExtentReportsDemo@72e5a8e]" started-at="2024-06-25T22:54:35 IST" name="initialSetup" finished-at="2024-06-25T22:54:36 IST" duration-ms="478" status="PASS">
          <reporter-output>
          </reporter-output>
        </test-method> <!-- initialSetup -->
        <test-method signature="initialDemo()[pri:0, instance:PallaviSelenium.ExtentReport.ExtentReportsDemo@72e5a8e]" started-at="2024-06-25T22:54:36 IST" name="initialDemo" finished-at="2024-06-25T22:54:43 IST" duration-ms="6925" status="PASS">
          <reporter-output>
          </reporter-output>
        </test-method> <!-- initialDemo -->
      </class> <!-- PallaviSelenium.ExtentReport.ExtentReportsDemo -->
    </test> <!-- Default test -->
  </suite> <!-- Default suite -->
</testng-results>
